Build started 10/10/2015 5:27:16 PM.
     1>Project "E:\MSU\CSE\CSE335\github\cse335\proj01\Testing\Testing.vcxproj" on node 2 (Build target(s)).
     1>ClCompile:
         C:\Program Files (x86)\Microsoft Visual Studio 12.0\VC\bin\CL.exe /c /I"C:\Program Files (x86)\Microsoft Visual Studio 12.0\VC\UnitTest\include" /ZI /nologo /W3 /WX- /Od /Oy- /D WIN32 /D _DEBUG /D _WINDLL /D _UNICODE /D UNICODE /D _AFXDLL /Gm /EHsc /RTC1 /MDd /GS /fp:precise /Zc:wchar_t /Zc:forScope /Yc"stdafx.h" /Fp"Debug\Testing.pch" /Fo"Debug\\" /Fd"Debug\vc120.pdb" /Gd /TP /analyze- /FC /errorReport:prompt stdafx.cpp
         stdafx.cpp
         C:\Program Files (x86)\Microsoft Visual Studio 12.0\VC\bin\CL.exe /c /I"C:\Program Files (x86)\Microsoft Visual Studio 12.0\VC\UnitTest\include" /ZI /nologo /W3 /WX- /Od /Oy- /D WIN32 /D _DEBUG /D _WINDLL /D _UNICODE /D UNICODE /D _AFXDLL /Gm /EHsc /RTC1 /MDd /GS /fp:precise /Zc:wchar_t /Zc:forScope /Yu"stdafx.h" /Fp"Debug\Testing.pch" /Fo"Debug\\" /Fd"Debug\vc120.pdb" /Gd /TP /analyze- /FC /errorReport:prompt CCityTest.cpp CTileRoadTest.cpp CTileTest.cpp initialize.cpp
         initialize.cpp
         CTileTest.cpp
     1>e:\msu\cse\cse335\github\cse335\proj01\testing\ctiletest.cpp(50): error C2259: 'Testing::CTileMock' : cannot instantiate abstract class
                 due to following members:
                 'void CTile::HitAccept(CTileVisitor *)' : is abstract
                 e:\msu\cse\cse335\github\cse335\proj01\city\tile.h(126) : see declaration of 'CTile::HitAccept'
     1>e:\msu\cse\cse335\github\cse335\proj01\testing\ctiletest.cpp(99): error C2259: 'Testing::CTileMock' : cannot instantiate abstract class
                 due to following members:
                 'void CTile::HitAccept(CTileVisitor *)' : is abstract
                 e:\msu\cse\cse335\github\cse335\proj01\city\tile.h(126) : see declaration of 'CTile::HitAccept'
         CTileRoadTest.cpp
         CCityTest.cpp
         Generating Code...
     1>Done Building Project "E:\MSU\CSE\CSE335\github\cse335\proj01\Testing\Testing.vcxproj" (Build target(s)) -- FAILED.

Build FAILED.

Time Elapsed 00:00:03.18
